2015-05-12 11:13:47,312 INFO savbu-inventory startup
2015-05-12 11:14:41,003 INFO savbu-inventory startup
2015-05-12 11:19:17,529 INFO savbu-inventory startup
2015-05-12 11:20:55,579 INFO savbu-inventory startup
2015-05-12 11:21:35,141 INFO savbu-inventory startup
2015-05-12 11:22:04,622 INFO savbu-inventory startup
2015-05-12 11:24:23,683 INFO Parts ids:[231] with qtys: [8] deleted by user: eduaalva
2015-05-12 11:26:01,832 INFO savbu-inventory startup
2015-05-12 11:27:46,018 INFO savbu-inventory startup
2015-05-12 11:29:42,225 INFO savbu-inventory startup
2015-05-12 11:29:55,671 INFO savbu-inventory startup
2015-05-12 11:30:53,404 INFO savbu-inventory startup
2015-05-12 11:31:16,892 INFO savbu-inventory startup
2015-05-12 11:31:21,300 INFO Parts with id:31 and qty: 40 were updated by user: admin
2015-05-12 11:31:47,916 INFO Parts with id:31 and qty: 40 were updated by user: admin
2015-05-12 12:11:28,688 INFO savbu-inventory startup
2015-05-12 12:12:42,592 INFO savbu-inventory startup
2015-05-12 12:12:46,887 INFO savbu-inventory startup
2015-05-12 16:17:00,929 INFO savbu-inventory startup
2015-05-12 16:18:05,767 INFO savbu-inventory startup
2015-05-12 16:18:18,641 INFO Parts with id:91 and qty: 10 were updated by user: admin
2015-05-12 16:21:04,594 INFO savbu-inventory startup
2015-05-12 16:21:27,020 INFO savbu-inventory startup
2015-05-12 16:26:13,488 INFO savbu-inventory startup
2015-05-12 16:26:13,708 INFO savbu-inventory startup
2015-05-12 16:26:33,171 INFO savbu-inventory startup
2015-05-12 16:27:52,163 INFO savbu-inventory startup
2015-05-12 16:29:45,421 INFO savbu-inventory startup
2015-05-12 16:31:08,469 INFO savbu-inventory startup
2015-05-12 16:34:18,403 INFO savbu-inventory startup
2015-05-12 16:34:24,766 INFO savbu-inventory startup
2015-05-12 16:35:00,371 INFO savbu-inventory startup
2015-05-12 16:37:01,658 INFO savbu-inventory startup
2015-05-12 16:41:33,395 INFO savbu-inventory startup
2015-05-12 16:41:43,746 INFO savbu-inventory startup
2015-05-12 16:42:17,342 INFO savbu-inventory startup
2015-05-12 16:42:38,820 INFO savbu-inventory startup
2015-05-12 16:47:02,356 INFO savbu-inventory startup
2015-05-12 16:47:52,061 INFO savbu-inventory startup
2015-05-12 16:48:37,718 INFO savbu-inventory startup
2015-05-12 16:49:29,465 INFO savbu-inventory startup
2015-05-12 16:55:13,703 INFO savbu-inventory startup
2015-05-12 16:56:07,416 INFO savbu-inventory startup
2015-05-12 17:02:45,937 INFO savbu-inventory startup
2015-05-12 17:04:43,201 INFO savbu-inventory startup
2015-05-12 17:04:44,457 INFO savbu-inventory startup
2015-05-12 17:08:55,795 INFO savbu-inventory startup
2015-05-12 17:15:49,494 INFO savbu-inventory startup
2015-05-12 17:16:01,893 INFO savbu-inventory startup
2015-05-12 17:17:08,719 INFO savbu-inventory startup
2015-05-12 17:18:09,491 INFO savbu-inventory startup
2015-05-12 17:33:22,433 INFO savbu-inventory startup
2015-05-12 17:34:05,022 INFO savbu-inventory startup
2015-05-12 17:38:39,588 INFO savbu-inventory startup
2015-05-12 17:43:09,144 INFO savbu-inventory startup
2015-05-12 17:43:59,808 INFO savbu-inventory startup
2015-05-12 17:44:05,054 INFO Parts with id:91 and qty: 10 were updated by user: admin
2015-05-12 17:44:25,340 INFO Parts with id:91 and qty: 10 were updated by user: admin
2015-05-12 17:49:36,291 INFO Parts with id:91 and qty: 10 were updated by user: admin
2015-05-12 17:49:56,993 INFO savbu-inventory startup
2015-05-12 20:28:17,526 INFO savbu-inventory startup
2015-05-12 20:28:17,749 INFO savbu-inventory startup
2015-05-12 20:29:35,772 INFO Part id:292 qty: 4 added by admin
2015-05-12 20:31:02,450 INFO savbu-inventory startup
2015-05-12 20:31:27,883 INFO Part PSU id:296 qty: 4 added by admin
2015-05-12 20:36:29,414 INFO savbu-inventory startup
2015-05-12 20:36:31,300 INFO Part: PSU | id:300 | quantity: 4 | action: added | user: admin
2015-05-12 20:38:06,490 INFO savbu-inventory startup
2015-05-12 20:38:25,919 INFO savbu-inventory startup
2015-05-12 20:38:53,368 INFO PART: PSU | ID:304 | QUANTITY: 4 | ACTION: added | USER: admin
2015-05-12 20:40:46,388 INFO savbu-inventory startup
2015-05-12 20:42:05,116 INFO | ACTION: added to db | PART: MEZZ-CARD | ID:314 | QUANTITY: 10 | BY USER: admin
2015-05-12 20:42:37,711 INFO savbu-inventory startup
2015-05-12 20:42:50,085 INFO savbu-inventory startup
2015-05-12 20:43:41,744 INFO savbu-inventory startup
2015-05-12 20:43:53,094 INFO savbu-inventory startup
2015-05-12 20:51:49,479 INFO savbu-inventory startup
2015-05-12 20:51:53,056 INFO | ACTION: delete | PART: PSU | ID:289 | QUANTITY: 2 | BY USER: admin
2015-05-12 20:51:53,069 INFO | ACTION: delete | PART: PSU | ID:293 | QUANTITY: 2 | BY USER: admin
2015-05-12 20:51:53,082 INFO | ACTION: delete | PART: PSU | ID:297 | QUANTITY: 2 | BY USER: admin
2015-05-12 20:51:53,095 INFO | ACTION: delete | PART: PSU | ID:301 | QUANTITY: 2 | BY USER: admin
2015-05-12 21:04:58,559 INFO savbu-inventory startup
2015-05-12 21:05:34,128 INFO savbu-inventory startup
2015-05-12 21:05:48,507 INFO savbu-inventory startup
2015-05-12 21:06:59,305 INFO | ACTION: add | PART: PSU | ID:315 | QUANTITY: 2 | BY USER: admin
2015-05-12 21:08:33,493 INFO | ACTION: delete | PART: PSU | ID:295 | QUANTITY: 2 | BY USER: admin
2015-05-12 21:09:33,897 INFO | ACTION: delete | PART: PSU | ID:315 | QUANTITY: 2 | BY USER: admin
2015-05-12 21:18:09,024 INFO savbu-inventory startup
2015-05-12 21:37:28,911 INFO | ACTION: add | PART: PROTOTYPE | ID:315 | QUANTITY: 4 | BY USER: admin
2015-05-12 21:39:04,283 INFO | ACTION: add | PART: PROTOTYPE | ID:319 | QUANTITY: 4 | BY USER: admin
2015-05-12 21:39:53,997 INFO | ACTION: add | PART: PROTOTYPE | ID:323 | QUANTITY: 4 | BY USER: admin
2015-05-12 21:40:32,156 INFO | ACTION: delete | PART: PROTOTYPE | ID:315 | QUANTITY: 2 | BY USER: admin
2015-05-12 21:40:32,168 INFO | ACTION: delete | PART: PROTOTYPE | ID:319 | QUANTITY: 2 | BY USER: admin
2015-05-12 22:20:19,964 INFO savbu-inventory startup
2015-05-12 22:21:05,177 INFO | ACTION: update | PART: PSU | ID:291 | QUANTITY: 2 | BY USER: admin
2015-05-12 22:22:09,382 INFO | ACTION: update | PART: DIMM | ID:171 | QUANTITY: 60 | BY USER: admin
2015-05-12 23:09:05,202 INFO savbu-inventory startup
2015-05-12 23:09:05,421 INFO savbu-inventory startup
2015-05-12 23:14:58,725 INFO savbu-inventory startup
2015-05-12 23:15:52,439 INFO savbu-inventory startup
2015-05-12 23:17:43,569 INFO savbu-inventory startup
2015-05-12 23:22:27,203 INFO | ACTION: checkout | PART: HDD | ID:103 | QUANTITY: 5 | BY USER: eduaalva
2015-05-12 23:51:29,145 INFO savbu-inventory startup
2015-05-13 13:32:34,755 INFO savbu-inventory startup
2015-05-13 13:32:34,975 INFO savbu-inventory startup
2015-05-13 15:11:09,180 INFO savbu-inventory startup
2015-05-13 15:11:34,647 INFO savbu-inventory startup
2015-05-13 15:12:18,252 INFO savbu-inventory startup
2015-05-13 15:15:46,326 INFO savbu-inventory startup
2015-05-13 15:15:46,539 INFO savbu-inventory startup
2015-05-13 15:16:23,118 INFO savbu-inventory startup
2015-05-13 15:16:46,567 INFO savbu-inventory startup
2015-05-13 15:19:35,210 INFO savbu-inventory startup
2015-05-13 15:20:52,995 INFO savbu-inventory startup
2015-05-13 15:20:53,206 INFO savbu-inventory startup
2015-05-13 15:21:09,661 INFO savbu-inventory startup
2015-05-13 15:23:00,826 INFO savbu-inventory startup
2015-05-13 15:23:09,181 INFO savbu-inventory startup
2015-05-13 15:24:21,061 INFO savbu-inventory startup
2015-05-13 15:25:44,992 INFO savbu-inventory startup
2015-05-13 15:25:50,311 INFO savbu-inventory startup
2015-05-13 15:28:21,885 INFO savbu-inventory startup
2015-05-13 18:25:15,614 INFO savbu-inventory startup
2015-05-13 18:25:15,836 INFO savbu-inventory startup
2015-05-13 18:26:37,780 INFO savbu-inventory startup
2015-05-13 18:50:19,870 INFO savbu-inventory startup
2015-05-13 18:52:52,187 INFO | ACTION: delete | PART: CPU | ID:31 | QUANTITY: 20 | BY USER: admin
2015-05-13 18:52:52,226 INFO | ACTION: delete | PART: MEZZ-CARD | ID:239 | QUANTITY: 40 | BY USER: admin
2015-05-13 21:50:45,472 INFO savbu-inventory startup
2015-05-13 21:51:38,667 INFO savbu-inventory startup
2015-05-13 22:23:10,269 INFO savbu-inventory startup
2015-05-13 22:27:03,517 INFO savbu-inventory startup
2015-05-13 22:27:17,248 INFO savbu-inventory startup
2015-05-13 22:28:54,181 INFO savbu-inventory startup
2015-05-13 22:29:58,518 INFO savbu-inventory startup
2015-05-13 22:37:21,835 INFO savbu-inventory startup
2015-05-13 22:38:21,772 INFO savbu-inventory startup
2015-05-13 22:45:50,453 INFO savbu-inventory startup
2015-05-13 22:46:06,111 INFO savbu-inventory startup
2015-05-13 22:46:13,575 INFO savbu-inventory startup
2015-05-13 22:50:29,457 INFO savbu-inventory startup
2015-05-13 22:55:59,317 INFO savbu-inventory startup
2015-05-13 22:56:12,508 INFO savbu-inventory startup
2015-05-14 14:12:56,473 INFO savbu-inventory startup
2015-05-14 14:12:56,717 INFO savbu-inventory startup
2015-05-14 14:14:16,079 INFO User :admin was registered
2015-05-14 14:19:28,287 INFO Excel file was updated by user: admin
2015-05-14 14:21:59,399 INFO | ACTION: delete | PART: DIMM | ID:1 | QUANTITY: 32 | BY USER: admin
2015-05-14 14:21:59,573 INFO | ACTION: delete | PART: DIMM | ID:33 | QUANTITY: 256 | BY USER: admin
2015-05-14 14:21:59,599 INFO | ACTION: delete | PART: DIMM | ID:289 | QUANTITY: 16 | BY USER: admin
2015-05-14 14:21:59,621 INFO | ACTION: delete | PART: HEATSINK | ID:305 | QUANTITY: 2 | BY USER: admin
2015-05-14 14:21:59,652 INFO | ACTION: delete | PART: DIMM | ID:307 | QUANTITY: 16 | BY USER: admin
2015-05-14 14:21:59,671 INFO | ACTION: delete | PART: HEATSINK | ID:323 | QUANTITY: 2 | BY USER: admin
2015-05-14 14:21:59,745 INFO | ACTION: delete | PART: DIMM | ID:325 | QUANTITY: 96 | BY USER: admin
2015-05-14 14:21:59,764 INFO | ACTION: delete | PART: HEATSINK | ID:421 | QUANTITY: 12 | BY USER: admin
2015-05-14 14:21:59,812 INFO | ACTION: delete | PART: DIMM | ID:433 | QUANTITY: 64 | BY USER: admin
2015-05-14 14:21:59,832 INFO | ACTION: delete | PART: HEATSINK | ID:497 | QUANTITY: 8 | BY USER: admin
2015-05-14 14:21:59,852 INFO | ACTION: delete | PART: DIMM | ID:505 | QUANTITY: 16 | BY USER: admin
2015-05-14 14:21:59,875 INFO | ACTION: delete | PART: DIMM | ID:521 | QUANTITY: 16 | BY USER: admin
2015-05-14 14:21:59,912 INFO | ACTION: delete | PART: DIMM | ID:537 | QUANTITY: 48 | BY USER: admin
2015-05-14 14:21:59,942 INFO | ACTION: delete | PART: DIMM | ID:585 | QUANTITY: 32 | BY USER: admin
2015-05-14 14:21:59,971 INFO | ACTION: delete | PART: DIMM | ID:617 | QUANTITY: 32 | BY USER: admin
2015-05-14 14:21:59,994 INFO | ACTION: delete | PART: DIMM | ID:649 | QUANTITY: 16 | BY USER: admin
2015-05-14 14:22:22,158 INFO Excel file was updated by user: admin
2015-05-14 14:30:06,341 INFO savbu-inventory startup
2015-05-14 14:34:43,895 INFO savbu-inventory startup
2015-05-14 14:34:59,317 INFO savbu-inventory startup
2015-05-14 14:37:34,875 INFO savbu-inventory startup
2015-05-14 14:38:04,393 INFO savbu-inventory startup
2015-05-14 14:39:16,233 INFO savbu-inventory startup
2015-05-14 14:42:25,037 INFO savbu-inventory startup
2015-05-14 14:42:42,454 INFO savbu-inventory startup
2015-05-14 14:43:04,911 INFO savbu-inventory startup
2015-05-14 14:43:19,304 INFO savbu-inventory startup
2015-05-14 14:43:31,687 INFO savbu-inventory startup
2015-05-14 14:44:15,316 INFO savbu-inventory startup
2015-05-14 14:44:34,785 INFO savbu-inventory startup
2015-05-14 15:10:20,654 INFO savbu-inventory startup
2015-05-14 15:12:02,715 INFO savbu-inventory startup
2015-05-14 15:13:23,712 INFO savbu-inventory startup
2015-05-14 15:13:47,201 INFO savbu-inventory startup
2015-05-14 15:13:59,611 INFO savbu-inventory startup
2015-05-14 15:14:39,212 INFO savbu-inventory startup
2015-05-14 15:14:49,595 INFO savbu-inventory startup
2015-05-14 15:20:01,733 INFO | ACTION: add | PART: CPU | ID:665 | QUANTITY: 30 | BY USER: admin
2015-05-14 15:21:47,217 INFO savbu-inventory startup
2015-05-14 15:22:44,773 INFO | ACTION: delete | PART: CPU | ID:665 | QUANTITY: 30 | BY USER: admin
2015-05-14 15:23:44,676 INFO | ACTION: add | PART: CPU | ID:665 | QUANTITY: 20 | BY USER: admin
2015-05-14 15:27:38,278 INFO | ACTION: delete | PART: CPU | ID:665 | QUANTITY: 10 | BY USER: admin
2015-05-14 15:28:15,625 INFO savbu-inventory startup
2015-05-14 15:29:23,474 INFO savbu-inventory startup
2015-05-14 15:29:46,923 INFO savbu-inventory startup
2015-05-14 15:30:34,588 INFO savbu-inventory startup
2015-05-14 15:35:54,438 INFO | ACTION: update | PART: CPU | ID:665 | QUANTITY: 10 | BY USER: admin
2015-05-14 15:37:26,181 INFO savbu-inventory startup
2015-05-14 15:38:43,309 INFO | ACTION: add | PART: CPU | ID:675 | QUANTITY: 20 | BY USER: admin
2015-05-14 15:40:06,789 INFO savbu-inventory startup
2015-05-14 15:40:24,638 INFO | ACTION: update | PART: CPU | ID:665 | QUANTITY: 10 | BY USER: admin
2015-05-14 15:40:47,631 INFO | ACTION: update | PART: CPU | ID:675 | QUANTITY: 20 | BY USER: admin
2015-05-14 15:43:21,808 INFO User :eduaalva was registered
2015-05-14 15:46:49,545 INFO savbu-inventory startup
2015-05-14 15:46:51,747 INFO | ACTION: checkout | PART: CPU | ID:665 | QUANTITY: 10 | BY USER: eduaalva
2015-05-14 15:49:14,917 INFO | ACTION: return | PART: CPU | ID:665 | QUANTITY: 10 | BY USER: eduaalva
2015-05-14 15:49:50,817 INFO | ACTION: delete | PART: CPU | ID:665 | QUANTITY: 10 | BY USER: admin
